This file contains any messages produced by compilers while
running configure, to aid debugging if configure makes a mistake.

It was created by configure, which was
generated by GNU Autoconf 2.52.20170501.  Invocation command line was

  $ ./configure 

## ---------- ##
## Platform.  ##
## ---------- ##

hostname = yj-mac.local
uname -m = x86_64
uname -r = 16.4.0
uname -s = Darwin
uname -v = Darwin Kernel Version 16.4.0: Thu Dec 22 22:53:21 PST 2016; root:xnu-3789.41.3~3/RELEASE_X86_64

/usr/bin/uname -p = i386
/bin/uname -X     = unknown

/bin/arch              = unknown
/usr/bin/arch -k       = unknown
/usr/convex/getsysinfo = unknown
hostinfo               = Mach kernel version:
	 Darwin Kernel Version 16.4.0: Thu Dec 22 22:53:21 PST 2016; root:xnu-3789.41.3~3/RELEASE_X86_64
Kernel configured for up to 8 processors.
4 processors are physically available.
8 processors are logically available.
Processor type: x86_64h (Intel x86-64h Haswell)
Processors active: 0 1 2 3 4 5 6 7
Primary memory available: 16.00 gigabytes
Default processor set: 326 tasks, 1556 threads, 8 processors
Load average: 1.57, Mach factor: 6.42
/bin/machine           = unknown
/usr/bin/oslevel       = unknown
/bin/universe          = unknown

PATH = /Users/yeongjun/.rbenv/shims:/usr/local/bin:/Library/Java/JavaVirtualMachines/jdk1.8.0_73.jdk/Contents/Home/bin:/Users/yeongjun/apps/apache-maven-3.3.9/bin:/usr/local/bin:/usr/bin:/bin:/usr/sbin:/sbin

## ------------ ##
## Core tests.  ##
## ------------ ##

configure:1031: PATH=".;."; conftest.sh
./configure: line 1032: conftest.sh: command not found
configure:1034: $? = 127
configure:1104: checking for gcc
configure:1119: found /usr/bin/gcc
configure:1127: result: gcc
configure:1355: checking for C compiler version
configure:1358: gcc --version </dev/null >&5
Configured with: --prefix=/Applications/Xcode.app/Contents/Developer/usr --with-gxx-include-dir=/Applications/Xcode.app/Contents/Developer/Platforms/MacOSX.platform/Developer/SDKs/MacOSX10.12.sdk/usr/include/c++/4.2.1
Apple LLVM version 8.1.0 (clang-802.0.42)
Target: x86_64-apple-darwin16.4.0
Thread model: posix
InstalledDir: /Applications/Xcode.app/Contents/Developer/Toolchains/XcodeDefault.xctoolchain/usr/bin
configure:1361: $? = 0
configure:1363: gcc -v </dev/null >&5
Configured with: --prefix=/Applications/Xcode.app/Contents/Developer/usr --with-gxx-include-dir=/Applications/Xcode.app/Contents/Developer/Platforms/MacOSX.platform/Developer/SDKs/MacOSX10.12.sdk/usr/include/c++/4.2.1
Apple LLVM version 8.1.0 (clang-802.0.42)
Target: x86_64-apple-darwin16.4.0
Thread model: posix
InstalledDir: /Applications/Xcode.app/Contents/Developer/Toolchains/XcodeDefault.xctoolchain/usr/bin
configure:1366: $? = 0
configure:1368: gcc -V </dev/null >&5
clang: error: argument to '-V' is missing (expected 1 value)
clang: error: no input files
configure:1371: $? = 1
configure:1391: checking for C compiler default output
configure:1394: gcc    conftest.c  >&5
configure:1397: $? = 0
configure:1426: result: a.out
configure:1431: checking whether the C compiler works
configure:1437: ./a.out
configure:1440: $? = 0
configure:1455: result: yes
configure:1462: checking whether we are cross compiling
configure:1464: result: no
configure:1467: checking for executable suffix
configure:1469: gcc -o conftest    conftest.c  >&5
configure:1472: $? = 0
configure:1494: result: 
configure:1500: checking for object suffix
configure:1518: gcc -c   conftest.c >&5
configure:1521: $? = 0
configure:1540: result: o
configure:1544: checking whether we are using the GNU C compiler
configure:1565: gcc -c   conftest.c >&5
configure:1568: $? = 0
configure:1571: test -s conftest.o
configure:1574: $? = 0
configure:1586: result: yes
configure:1592: checking whether gcc accepts -g
configure:1610: gcc -c -g  conftest.c >&5
configure:1613: $? = 0
configure:1616: test -s conftest.o
configure:1619: $? = 0
configure:1629: result: yes
configure:1656: gcc -c -g -O2  conftest.c >&5
conftest.c:2:3: error: unknown type name 'choke'
  choke me
  ^
conftest.c:2:11: error: expected ';' after top level declarator
  choke me
          ^
          ;
2 errors generated.
configure:1659: $? = 1
configure: failed program was:
#ifndef __cplusplus
  choke me
#endif
configure:1760: checking version of gcc
configure:1764: result: 8.1.0
configure:1768: checking for gcc option to accept ANSI C
configure:1825: gcc  -c -g -O2  conftest.c >&5
configure:1828: $? = 0
configure:1831: test -s conftest.o
configure:1834: $? = 0
configure:1851: result: none needed
configure:1862: checking $CC variable
configure:1997: result: ok
configure:2008: checking how to run the C preprocessor
configure:2034: gcc -E  conftest.c
configure:2040: $? = 0
configure:2067: gcc -E  conftest.c
configure:2064:10: fatal error: 'ac_nonexistent.h' file not found
#include <ac_nonexistent.h>
         ^
1 error generated.
configure:2073: $? = 1
configure: failed program was:
#line 2063 "configure"
#include "confdefs.h"
#include <ac_nonexistent.h>
configure:2110: result: gcc -E
configure:2125: gcc -E  conftest.c
configure:2131: $? = 0
configure:2158: gcc -E  conftest.c
configure:2155:10: fatal error: 'ac_nonexistent.h' file not found
#include <ac_nonexistent.h>
         ^
1 error generated.
configure:2164: $? = 1
configure: failed program was:
#line 2154 "configure"
#include "confdefs.h"
#include <ac_nonexistent.h>
configure:2204: checking whether make sets ${MAKE}
configure:2224: result: yes
configure:2271: checking for ranlib
configure:2286: found /usr/bin/ranlib
configure:2295: result: ranlib
configure:2344: checking for a BSD compatible install
configure:2393: result: /usr/bin/install -c
configure:2404: checking whether ln -s works
configure:2408: result: yes
configure:2415: checking if ln -s -f options work
configure:2427: result: yes
configure:2436: checking for lint
configure:2462: result: no
configure:2436: checking for cppcheck
configure:2462: result: no
configure:2436: checking for splint
configure:2462: result: no
configure:2471: checking for groff
configure:2488: found /usr/bin/groff
configure:2500: result: /usr/bin/groff
configure:2509: checking for nroff
configure:2526: found /usr/bin/nroff
configure:2538: result: /usr/bin/nroff
configure:2594: checking for ar
configure:2609: found /usr/bin/ar
configure:2618: result: ar
configure:2630: checking for options to update archives
configure:2656: gcc -c -g -O2  conftest.c >&5
configure:2659: $? = 0
ar  -curvU conftest.a conftest.o
/Applications/Xcode.app/Contents/Developer/Toolchains/XcodeDefault.xctoolchain/usr/bin/ar: illegal option -- U
usage:  ar -d [-TLsv] archive file ...
	ar -m [-TLsv] archive file ...
	ar -m [-abiTLsv] position archive file ...
	ar -p [-TLsv] archive [file ...]
	ar -q [-cTLsv] archive file ...
	ar -r [-cuTLsv] archive file ...
	ar -r [-abciuTLsv] position archive file ...
	ar -t [-TLsv] archive [file ...]
	ar -x [-ouTLsv] archive [file ...]
configure:2656: gcc -c -g -O2  conftest.c >&5
configure:2659: $? = 0
ar  -curv conftest.a conftest.o
configure:2678: result: -curv
configure:2689: checking for makeflags variable
configure:2723: result: 
configure:2726: checking if filesystem supports mixed-case filenames
configure:2753: result: no
configure:2764: checking for exctags
configure:2790: result: no
configure:2764: checking for ctags
configure:2779: found /usr/bin/ctags
configure:2787: result: ctags
configure:2801: checking for exetags
configure:2827: result: no
configure:2801: checking for etags
configure:2816: found /usr/bin/etags
configure:2824: result: etags
configure:2836: checking for ctags
configure:2851: found /usr/bin/ctags
configure:2860: result: yes
configure:2917: checking if you want to see long compiling messages
configure:2951: result: yes
configure:2960: checking build system type
configure:2978: result: x86_64-apple-darwin16.4.0
configure:2986: checking host system type
configure:3000: result: x86_64-apple-darwin16.4.0
configure:3026: result: Configuring for darwin16.4.0
configure:3055: checking for PATH separator
configure:3062: result: :
configure:4097: testing add to $CPPFLAGS -D_DARWIN_C_SOURCE ...
configure:4410: checking for special C compiler options needed for large files
configure:4484: result: no
configure:4490: checking for _FILE_OFFSET_BITS value needed for large files
configure:4518: gcc -c -g -O2 -D_DARWIN_C_SOURCE conftest.c >&5
configure:4521: $? = 0
configure:4524: test -s conftest.o
configure:4527: $? = 0
configure:4577: result: no
configure:4587: checking for _LARGE_FILES value needed for large files
configure:4615: gcc -c -g -O2 -D_DARWIN_C_SOURCE conftest.c >&5
configure:4618: $? = 0
configure:4621: test -s conftest.o
configure:4624: $? = 0
configure:4674: result: no
configure:4687: checking for _LARGEFILE_SOURCE value needed for large files
configure:4707: gcc -c -g -O2 -D_DARWIN_C_SOURCE conftest.c >&5
configure:4700:9: warning: address of function 'fseeko' will always evaluate to 'true' [-Wpointer-bool-conversion]
return !fseeko;
       ~^~~~~~
configure:4700:9: note: prefix with the address-of operator to silence this warning
return !fseeko;
        ^
        &
1 warning generated.
configure:4710: $? = 0
configure:4713: test -s conftest.o
configure:4716: $? = 0
configure:4758: result: no
configure:4772: checking for fseeko
configure:4790: gcc -o conftest -g -O2 -D_DARWIN_C_SOURCE  conftest.c  >&5
configure:4783:8: warning: address of function 'fseeko' will always evaluate to 'true' [-Wpointer-bool-conversion]
return fseeko && fseeko (stdin, 0, 0);
       ^~~~~~ ~~
configure:4783:8: note: prefix with the address-of operator to silence this warning
return fseeko && fseeko (stdin, 0, 0);
       ^
       &
1 warning generated.
configure:4793: $? = 0
configure:4796: test -s conftest
configure:4799: $? = 0
configure:4809: result: yes
configure:4830: checking whether to use struct dirent64
configure:4859: gcc -c -g -O2 -D_DARWIN_C_SOURCE conftest.c >&5
configure:4848:28: error: conflicting types for 'readdir'
                extern struct dirent64 * readdir(DIR *);
                                         ^
/Applications/Xcode.app/Contents/Developer/Platforms/MacOSX.platform/Developer/SDKs/MacOSX10.12.sdk/usr/include/dirent.h:106:16: note: previous declaration is here
struct dirent *readdir(DIR *) __DARWIN_INODE64(readdir);
               ^
configure:4851:13: error: 'struct dirent64 *' and 'struct dirent *' are not pointers to compatible types
                int z = x - y;
                        ~ ^ ~
2 errors generated.
configure:4862: $? = 1
configure: failed program was:
#line 4837 "configure"
#include "confdefs.h"

#pragma GCC diagnostic error "-Wincompatible-pointer-types"
#include <sys/types.h>
#include <dirent.h>

int
main (void)
{

		/* if transitional largefile support is setup, this is true */
		extern struct dirent64 * readdir(DIR *);
		struct dirent64 *x = readdir((DIR *)0);
		struct dirent *y = readdir((DIR *)0);
		int z = x - y;

  ;
  return 0;
}
configure:4879: result: no
configure:4888: checking for install-prefix
configure:4898: result: no
configure:4938: checking if you want to check for gcc warnings
configure:4948: result: no
configure:5302: checking if you want to use pkg-config
configure:5312: result: yes
configure:5364: checking for pkg-config
configure:5381: found /usr/local/bin/pkg-config
configure:5393: result: /usr/local/bin/pkg-config
configure:5450: checking for this package's name
configure:5460: result: dialog
configure:5464: checking for package version
configure:5485: result: 1.3
configure:5488: checking for package patch date
configure:5505: result: 20170509
configure:5516: testing ABI VERSION 14:0:0 ...
configure:5520: testing VERSION_MAJOR 1 ...
configure:5524: testing VERSION_MINOR 3 ...
configure:5528: testing VERSION_PATCH 20170509 ...
configure:5551: checking if we should install dlg_XXX headers to subdirectory
configure:5561: result: no
configure:5564: checking for program to convert manpage to html
configure:5623: result: /usr/bin/groff
configure:5765: checking for ANSI C header files
configure:5779: gcc -E -D_DARWIN_C_SOURCE conftest.c
configure:5785: $? = 0
configure:5872: gcc -o conftest -g -O2 -D_DARWIN_C_SOURCE  conftest.c  >&5
configure:5875: $? = 0
configure:5877: ./conftest
configure:5880: $? = 0
configure:5893: result: yes
configure:5903: checking for inline
configure:5920: gcc -c -g -O2 -D_DARWIN_C_SOURCE conftest.c >&5
configure:5923: $? = 0
configure:5926: test -s conftest.o
configure:5929: $? = 0
configure:5940: result: inline
configure:5961: checking for sys/types.h
configure:5973: gcc -c -g -O2 -D_DARWIN_C_SOURCE conftest.c >&5
configure:5976: $? = 0
configure:5979: test -s conftest.o
configure:5982: $? = 0
configure:5992: result: yes
configure:5961: checking for sys/stat.h
configure:5973: gcc -c -g -O2 -D_DARWIN_C_SOURCE conftest.c >&5
configure:5976: $? = 0
configure:5979: test -s conftest.o
configure:5982: $? = 0
configure:5992: result: yes
configure:5961: checking for stdlib.h
configure:5973: gcc -c -g -O2 -D_DARWIN_C_SOURCE conftest.c >&5
configure:5976: $? = 0
configure:5979: test -s conftest.o
configure:5982: $? = 0
configure:5992: result: yes
configure:5961: checking for string.h
configure:5973: gcc -c -g -O2 -D_DARWIN_C_SOURCE conftest.c >&5
configure:5976: $? = 0
configure:5979: test -s conftest.o
configure:5982: $? = 0
configure:5992: result: yes
configure:5961: checking for memory.h
configure:5973: gcc -c -g -O2 -D_DARWIN_C_SOURCE conftest.c >&5
configure:5976: $? = 0
configure:5979: test -s conftest.o
configure:5982: $? = 0
configure:5992: result: yes
configure:5961: checking for strings.h
configure:5973: gcc -c -g -O2 -D_DARWIN_C_SOURCE conftest.c >&5
configure:5976: $? = 0
configure:5979: test -s conftest.o
configure:5982: $? = 0
configure:5992: result: yes
configure:5961: checking for inttypes.h
configure:5973: gcc -c -g -O2 -D_DARWIN_C_SOURCE conftest.c >&5
configure:5976: $? = 0
configure:5979: test -s conftest.o
configure:5982: $? = 0
configure:5992: result: yes
configure:5961: checking for stdint.h
configure:5973: gcc -c -g -O2 -D_DARWIN_C_SOURCE conftest.c >&5
configure:5976: $? = 0
configure:5979: test -s conftest.o
configure:5982: $? = 0
configure:5992: result: yes
configure:5961: checking for unistd.h
configure:5973: gcc -c -g -O2 -D_DARWIN_C_SOURCE conftest.c >&5
configure:5976: $? = 0
configure:5979: test -s conftest.o
configure:5982: $? = 0
configure:5992: result: yes
configure:6002: checking for off_t
configure:6023: gcc -c -g -O2 -D_DARWIN_C_SOURCE conftest.c >&5
configure:6026: $? = 0
configure:6029: test -s conftest.o
configure:6032: $? = 0
configure:6042: result: yes
configure:6054: checking for size_t
configure:6075: gcc -c -g -O2 -D_DARWIN_C_SOURCE conftest.c >&5
configure:6078: $? = 0
configure:6081: test -s conftest.o
configure:6084: $? = 0
configure:6094: result: yes
configure:6108: checking for working alloca.h
configure:6126: gcc -o conftest -g -O2 -D_DARWIN_C_SOURCE  conftest.c  >&5
configure:6129: $? = 0
configure:6132: test -s conftest
configure:6135: $? = 0
configure:6145: result: yes
configure:6155: checking for alloca
configure:6193: gcc -o conftest -g -O2 -D_DARWIN_C_SOURCE  conftest.c  >&5
configure:6196: $? = 0
configure:6199: test -s conftest
configure:6202: $? = 0
configure:6212: result: yes
configure:6396: checking for stdlib.h
configure:6431: result: yes
configure:6396: checking for unistd.h
configure:6431: result: yes
configure:6444: checking for getpagesize
configure:6481: gcc -o conftest -g -O2 -D_DARWIN_C_SOURCE  conftest.c  >&5
configure:6484: $? = 0
configure:6487: test -s conftest
configure:6490: $? = 0
configure:6500: result: yes
configure:6510: checking for working mmap
configure:6646: gcc -o conftest -g -O2 -D_DARWIN_C_SOURCE  conftest.c  >&5
configure:6649: $? = 0
configure:6651: ./conftest
configure:6654: $? = 0
configure:6666: result: yes
configure:6677: checking whether we are using the GNU C Library 2.1 or newer
configure:6685:10: fatal error: 'features.h' file not found
#include <features.h>
         ^
1 error generated.
configure:6703: result: no
configure:6733: checking for argz.h
configure:6743: gcc -E -D_DARWIN_C_SOURCE conftest.c
configure:6740:10: fatal error: 'argz.h' file not found
#include <argz.h>
         ^
1 error generated.
configure:6749: $? = 1
configure: failed program was:
#line 6739 "configure"
#include "confdefs.h"
#include <argz.h>
configure:6768: result: no
configure:6733: checking for limits.h
configure:6743: gcc -E -D_DARWIN_C_SOURCE conftest.c
configure:6749: $? = 0
configure:6768: result: yes
configure:6733: checking for locale.h
configure:6743: gcc -E -D_DARWIN_C_SOURCE conftest.c
configure:6749: $? = 0
configure:6768: result: yes
configure:6733: checking for nl_types.h
configure:6743: gcc -E -D_DARWIN_C_SOURCE conftest.c
configure:6749: $? = 0
configure:6768: result: yes
configure:6733: checking for malloc.h
configure:6743: gcc -E -D_DARWIN_C_SOURCE conftest.c
configure:6740:10: fatal error: 'malloc.h' file not found
#include <malloc.h>
         ^
1 error generated.
configure:6749: $? = 1
configure: failed program was:
#line 6739 "configure"
#include "confdefs.h"
#include <malloc.h>
configure:6768: result: no
configure:6733: checking for stddef.h
configure:6743: gcc -E -D_DARWIN_C_SOURCE conftest.c
configure:6749: $? = 0
configure:6768: result: yes
configure:6733: checking for stdlib.h
configure:6768: result: yes
configure:6733: checking for string.h
configure:6768: result: yes
configure:6733: checking for unistd.h
configure:6768: result: yes
configure:6733: checking for sys/param.h
configure:6743: gcc -E -D_DARWIN_C_SOURCE conftest.c
configure:6749: $? = 0
configure:6768: result: yes
configure:6783: checking for feof_unlocked
configure:6820: gcc -o conftest -g -O2 -D_DARWIN_C_SOURCE  conftest.c  >&5
configure:6823: $? = 0
configure:6826: test -s conftest
configure:6829: $? = 0
configure:6839: result: yes
configure:6783: checking for fgets_unlocked
configure:6820: gcc -o conftest -g -O2 -D_DARWIN_C_SOURCE  conftest.c  >&5
Undefined symbols for architecture x86_64:
  "_fgets_unlocked", referenced from:
      _main in conftest-568a20.o
ld: symbol(s) not found for architecture x86_64
clang: error: linker command failed with exit code 1 (use -v to see invocation)
configure:6823: $? = 1
configure: failed program was:
#line 6789 "configure"
#include "confdefs.h"
/* System header to define __stub macros and hopefully few prototypes,
    which can conflict with char fgets_unlocked (); below.  */
#include <assert.h>
/* Override any gcc2 internal prototype to avoid an error.  */
#ifdef __cplusplus
extern "C"
#endif
/* We use char because int might match the return type of a gcc2
   builtin and then its argument prototype would still apply.  */
char fgets_unlocked ();
char (*f) ();

int
main (void)
{
/* The GNU C library defines this for functions which it implements
    to always fail with ENOSYS.  Some functions are actually named
    something starting with __ and the normal name is an alias.  */
#if defined (__stub_fgets_unlocked) || defined (__stub___fgets_unlocked)
choke me
#else
f = fgets_unlocked; /* workaround for ICC 12.0.3 */ if (f == 0) return 1;
#endif

  ;
  return 0;
}
configure:6839: result: no
configure:6783: checking for getcwd
configure:6820: gcc -o conftest -g -O2 -D_DARWIN_C_SOURCE  conftest.c  >&5
configure:6823: $? = 0
configure:6826: test -s conftest
configure:6829: $? = 0
configure:6839: result: yes
configure:6783: checking for getegid
configure:6820: gcc -o conftest -g -O2 -D_DARWIN_C_SOURCE  conftest.c  >&5
configure:6823: $? = 0
configure:6826: test -s conftest
configure:6829: $? = 0
configure:6839: result: yes
configure:6783: checking for geteuid
configure:6820: gcc -o conftest -g -O2 -D_DARWIN_C_SOURCE  conftest.c  >&5
configure:6823: $? = 0
configure:6826: test -s conftest
configure:6829: $? = 0
configure:6839: result: yes
configure:6783: checking for getgid
configure:6820: gcc -o conftest -g -O2 -D_DARWIN_C_SOURCE  conftest.c  >&5
configure:6823: $? = 0
configure:6826: test -s conftest
configure:6829: $? = 0
configure:6839: result: yes
configure:6783: checking for getuid
configure:6820: gcc -o conftest -g -O2 -D_DARWIN_C_SOURCE  conftest.c  >&5
configure:6823: $? = 0
configure:6826: test -s conftest
configure:6829: $? = 0
configure:6839: result: yes
configure:6783: checking for mempcpy
configure:6820: gcc -o conftest -g -O2 -D_DARWIN_C_SOURCE  conftest.c  >&5
Undefined symbols for architecture x86_64:
  "_mempcpy", referenced from:
      _main in conftest-9206c3.o
ld: symbol(s) not found for architecture x86_64
clang: error: linker command failed with exit code 1 (use -v to see invocation)
configure:6823: $? = 1
configure: failed program was:
#line 6789 "configure"
#include "confdefs.h"
/* System header to define __stub macros and hopefully few prototypes,
    which can conflict with char mempcpy (); below.  */
#include <assert.h>
/* Override any gcc2 internal prototype to avoid an error.  */
#ifdef __cplusplus
extern "C"
#endif
/* We use char because int might match the return type of a gcc2
   builtin and then its argument prototype would still apply.  */
char mempcpy ();
char (*f) ();

int
main (void)
{
/* The GNU C library defines this for functions which it implements
    to always fail with ENOSYS.  Some functions are actually named
    something starting with __ and the normal name is an alias.  */
#if defined (__stub_mempcpy) || defined (__stub___mempcpy)
choke me
#else
f = mempcpy; /* workaround for ICC 12.0.3 */ if (f == 0) return 1;
#endif

  ;
  return 0;
}
configure:6839: result: no
configure:6783: checking for munmap
configure:6820: gcc -o conftest -g -O2 -D_DARWIN_C_SOURCE  conftest.c  >&5
configure:6823: $? = 0
configure:6826: test -s conftest
configure:6829: $? = 0
configure:6839: result: yes
configure:6783: checking for putenv
configure:6820: gcc -o conftest -g -O2 -D_DARWIN_C_SOURCE  conftest.c  >&5
configure:6823: $? = 0
configure:6826: test -s conftest
configure:6829: $? = 0
configure:6839: result: yes
configure:6783: checking for setenv
configure:6820: gcc -o conftest -g -O2 -D_DARWIN_C_SOURCE  conftest.c  >&5
configure:6823: $? = 0
configure:6826: test -s conftest
configure:6829: $? = 0
configure:6839: result: yes
configure:6783: checking for setlocale
configure:6820: gcc -o conftest -g -O2 -D_DARWIN_C_SOURCE  conftest.c  >&5
configure:6823: $? = 0
configure:6826: test -s conftest
configure:6829: $? = 0
configure:6839: result: yes
configure:6783: checking for stpcpy
configure:6820: gcc -o conftest -g -O2 -D_DARWIN_C_SOURCE  conftest.c  >&5
configure:6799:6: warning: incompatible redeclaration of library function 'stpcpy' [-Wincompatible-library-redeclaration]
char stpcpy ();
     ^
configure:6799:6: note: 'stpcpy' is a builtin with type 'char *(char *, const char *)'
1 warning generated.
configure:6823: $? = 0
configure:6826: test -s conftest
configure:6829: $? = 0
configure:6839: result: yes
configure:6783: checking for strchr
configure:6820: gcc -o conftest -g -O2 -D_DARWIN_C_SOURCE  conftest.c  >&5
configure:6799:6: warning: incompatible redeclaration of library function 'strchr' [-Wincompatible-library-redeclaration]
char strchr ();
     ^
configure:6799:6: note: 'strchr' is a builtin with type 'char *(const char *, int)'
1 warning generated.
configure:6823: $? = 0
configure:6826: test -s conftest
configure:6829: $? = 0
configure:6839: result: yes
configure:6783: checking for strcasecmp
configure:6820: gcc -o conftest -g -O2 -D_DARWIN_C_SOURCE  conftest.c  >&5
configure:6799:6: warning: incompatible redeclaration of library function 'strcasecmp' [-Wincompatible-library-redeclaration]
char strcasecmp ();
     ^
configure:6799:6: note: 'strcasecmp' is a builtin with type 'int (const char *, const char *)'
1 warning generated.
configure:6823: $? = 0
configure:6826: test -s conftest
configure:6829: $? = 0
configure:6839: result: yes
configure:6783: checking for strdup
configure:6820: gcc -o conftest -g -O2 -D_DARWIN_C_SOURCE  conftest.c  >&5
configure:6799:6: warning: incompatible redeclaration of library function 'strdup' [-Wincompatible-library-redeclaration]
char strdup ();
     ^
configure:6799:6: note: 'strdup' is a builtin with type 'char *(const char *)'
1 warning generated.
configure:6823: $? = 0
configure:6826: test -s conftest
configure:6829: $? = 0
configure:6839: result: yes
configure:6783: checking for strtoul
configure:6820: gcc -o conftest -g -O2 -D_DARWIN_C_SOURCE  conftest.c  >&5
configure:6823: $? = 0
configure:6826: test -s conftest
configure:6829: $? = 0
configure:6839: result: yes
configure:6783: checking for tsearch
configure:6820: gcc -o conftest -g -O2 -D_DARWIN_C_SOURCE  conftest.c  >&5
configure:6823: $? = 0
configure:6826: test -s conftest
configure:6829: $? = 0
configure:6839: result: yes
configure:6783: checking for __argz_count
configure:6820: gcc -o conftest -g -O2 -D_DARWIN_C_SOURCE  conftest.c  >&5
Undefined symbols for architecture x86_64:
  "___argz_count", referenced from:
      _main in conftest-7b32c2.o
ld: symbol(s) not found for architecture x86_64
clang: error: linker command failed with exit code 1 (use -v to see invocation)
configure:6823: $? = 1
configure: failed program was:
#line 6789 "configure"
#include "confdefs.h"
/* System header to define __stub macros and hopefully few prototypes,
    which can conflict with char __argz_count (); below.  */
#include <assert.h>
/* Override any gcc2 internal prototype to avoid an error.  */
#ifdef __cplusplus
extern "C"
#endif
/* We use char because int might match the return type of a gcc2
   builtin and then its argument prototype would still apply.  */
char __argz_count ();
char (*f) ();

int
main (void)
{
/* The GNU C library defines this for functions which it implements
    to always fail with ENOSYS.  Some functions are actually named
    something starting with __ and the normal name is an alias.  */
#if defined (__stub___argz_count) || defined (__stub_____argz_count)
choke me
#else
f = __argz_count; /* workaround for ICC 12.0.3 */ if (f == 0) return 1;
#endif

  ;
  return 0;
}
configure:6839: result: no
configure:6783: checking for __argz_stringify
configure:6820: gcc -o conftest -g -O2 -D_DARWIN_C_SOURCE  conftest.c  >&5
Undefined symbols for architecture x86_64:
  "___argz_stringify", referenced from:
      _main in conftest-9c5a9e.o
ld: symbol(s) not found for architecture x86_64
clang: error: linker command failed with exit code 1 (use -v to see invocation)
configure:6823: $? = 1
configure: failed program was:
#line 6789 "configure"
#include "confdefs.h"
/* System header to define __stub macros and hopefully few prototypes,
    which can conflict with char __argz_stringify (); below.  */
#include <assert.h>
/* Override any gcc2 internal prototype to avoid an error.  */
#ifdef __cplusplus
extern "C"
#endif
/* We use char because int might match the return type of a gcc2
   builtin and then its argument prototype would still apply.  */
char __argz_stringify ();
char (*f) ();

int
main (void)
{
/* The GNU C library defines this for functions which it implements
    to always fail with ENOSYS.  Some functions are actually named
    something starting with __ and the normal name is an alias.  */
#if defined (__stub___argz_stringify) || defined (__stub_____argz_stringify)
choke me
#else
f = __argz_stringify; /* workaround for ICC 12.0.3 */ if (f == 0) return 1;
#endif

  ;
  return 0;
}
configure:6839: result: no
configure:6783: checking for __argz_next
configure:6820: gcc -o conftest -g -O2 -D_DARWIN_C_SOURCE  conftest.c  >&5
Undefined symbols for architecture x86_64:
  "___argz_next", referenced from:
      _main in conftest-144f2c.o
ld: symbol(s) not found for architecture x86_64
clang: error: linker command failed with exit code 1 (use -v to see invocation)
configure:6823: $? = 1
configure: failed program was:
#line 6789 "configure"
#include "confdefs.h"
/* System header to define __stub macros and hopefully few prototypes,
    which can conflict with char __argz_next (); below.  */
#include <assert.h>
/* Override any gcc2 internal prototype to avoid an error.  */
#ifdef __cplusplus
extern "C"
#endif
/* We use char because int might match the return type of a gcc2
   builtin and then its argument prototype would still apply.  */
char __argz_next ();
char (*f) ();

int
main (void)
{
/* The GNU C library defines this for functions which it implements
    to always fail with ENOSYS.  Some functions are actually named
    something starting with __ and the normal name is an alias.  */
#if defined (__stub___argz_next) || defined (__stub_____argz_next)
choke me
#else
f = __argz_next; /* workaround for ICC 12.0.3 */ if (f == 0) return 1;
#endif

  ;
  return 0;
}
configure:6839: result: no
configure:7098: checking for iconv
configure:7109: testing Starting FIND_LINKAGE(iconv,) ...
configure:7133: gcc -o conftest -g -O2 -D_DARWIN_C_SOURCE  conftest.c  >&5
Undefined symbols for architecture x86_64:
  "_iconv", referenced from:
      _main in conftest-2652b9.o
  "_iconv_close", referenced from:
      _main in conftest-2652b9.o
  "_iconv_open", referenced from:
      _main in conftest-2652b9.o
ld: symbol(s) not found for architecture x86_64
clang: error: linker command failed with exit code 1 (use -v to see invocation)
configure:7136: $? = 1
configure: failed program was:
#line 7114 "configure"
#include "confdefs.h"

#include <stdlib.h>
#include <iconv.h>

int
main (void)
{

	iconv_t cd = iconv_open("","");
	iconv(cd,NULL,NULL,NULL,NULL);
	iconv_close(cd);

  ;
  return 0;
}
configure:7175: gcc -o conftest -g -O2 -D_DARWIN_C_SOURCE  conftest.c -liconv   >&5
configure:7178: $? = 0
configure:7181: test -s conftest
configure:7184: $? = 0
configure:7503: result: yes
configure:7512: checking if the declaration of iconv() needs const.
configure:7544: gcc -c -g -O2 -D_DARWIN_C_SOURCE conftest.c >&5
configure:7547: $? = 0
configure:7550: test -s conftest.o
configure:7553: $? = 0
configure:7563: result: no
configure:7693: checking for nl_langinfo and CODESET
configure:7711: gcc -o conftest -g -O2 -D_DARWIN_C_SOURCE  conftest.c  >&5
configure:7714: $? = 0
configure:7717: test -s conftest
configure:7720: $? = 0
configure:7731: result: yes
configure:7742: checking for LC_MESSAGES
configure:7760: gcc -o conftest -g -O2 -D_DARWIN_C_SOURCE  conftest.c  >&5
configure:7763: $? = 0
configure:7766: test -s conftest
configure:7769: $? = 0
configure:7779: result: yes
configure:7789: checking whether NLS is requested
configure:7799: result: no
configure:9001: checking if -lm needed for math functions
configure:9024: gcc -o conftest -g -O2 -D_DARWIN_C_SOURCE  conftest.c  >&5
configure:9027: $? = 0
configure:9030: test -s conftest
configure:9033: $? = 0
configure:9043: result: no
configure:9066: checking if you want to use dmalloc for testing
configure:9083: result: no
configure:9298: checking if you want to use dbmalloc for testing
configure:9315: result: no
configure:9530: checking if you want to use purify for testing
configure:9547: result: no
configure:9660: checking if you want to use valgrind for testing
configure:9677: result: no
configure:9790: checking if you want to perform memory-leak testing
configure:9814: result: 
configure:9817: checking if you want --trace option
configure:9827: result: yes
configure:9841: checking for an rpath option
configure:9872: result: 
configure:10034: checking if libtool -version-number should be used
configure:10051: result: yes
configure:10100: checking if you want to build libraries with libtool
configure:10110: result: no
configure:10458: checking if you want to build shared libraries
configure:10468: result: no
configure:11222: checking for specific curses-directory
configure:11232: result: no
configure:11381: checking if rpath option should be used
configure:11391: result: no
configure:11394: checking for specific curses-directory
configure:11404: result: no
configure:11555: checking for specified curses library type
configure:11599: result: curses
configure:11605: checking for extra include directories
configure:11631: result: no
configure:11635: checking if we have identified curses headers
configure:11659: gcc -c -g -O2 -D_DARWIN_C_SOURCE conftest.c >&5
configure:11652:12: warning: implicit declaration of function 'tgoto' is invalid in C99 [-Wimplicit-function-declaration]
initscr(); tgoto("?", 0,0)
           ^
1 warning generated.
configure:11662: $? = 0
configure:11665: test -s conftest.o
configure:11668: $? = 0
configure:11679: result: ncurses.h
configure:11693: checking for ncurses.h
configure:11703: gcc -E -D_DARWIN_C_SOURCE conftest.c
configure:11709: $? = 0
configure:11728: result: yes
configure:11738: checking for terminfo header
configure:11771: gcc -c -g -O2 -D_DARWIN_C_SOURCE conftest.c >&5
configure:11774: $? = 0
configure:11777: test -s conftest.o
configure:11780: $? = 0
configure:11796: result: term.h
configure:11828: checking for ncurses version
configure:11892: gcc -o conftest -g -O2 -D_DARWIN_C_SOURCE  conftest.c  >&5
configure:11895: $? = 0
configure:11897: ./conftest
configure:11900: $? = 0
configure:11914: result: 5.7.20081102
configure:11921: checking if we have identified curses libraries
configure:11936: gcc -o conftest -g -O2 -D_DARWIN_C_SOURCE  conftest.c  >&5
configure:11929:12: warning: implicit declaration of function 'tgoto' is invalid in C99 [-Wimplicit-function-declaration]
initscr(); tgoto("?", 0,0)
           ^
1 warning generated.
Undefined symbols for architecture x86_64:
  "_initscr", referenced from:
      _main in conftest-53b3af.o
  "_tgoto", referenced from:
      _main in conftest-53b3af.o
ld: symbol(s) not found for architecture x86_64
clang: error: linker command failed with exit code 1 (use -v to see invocation)
configure:11939: $? = 1
configure: failed program was:
#line 11924 "configure"
#include "confdefs.h"
#include <ncurses.h>
int
main (void)
{
initscr(); tgoto("?", 0,0)
  ;
  return 0;
}
configure:11954: result: no
configure:12350: checking for tgoto
configure:12387: gcc -o conftest -g -O2 -D_DARWIN_C_SOURCE  conftest.c  >&5
Undefined symbols for architecture x86_64:
  "_tgoto", referenced from:
      _main in conftest-2ee77f.o
ld: symbol(s) not found for architecture x86_64
clang: error: linker command failed with exit code 1 (use -v to see invocation)
configure:12390: $? = 1
configure: failed program was:
#line 12356 "configure"
#include "confdefs.h"
/* System header to define __stub macros and hopefully few prototypes,
    which can conflict with char tgoto (); below.  */
#include <assert.h>
/* Override any gcc2 internal prototype to avoid an error.  */
#ifdef __cplusplus
extern "C"
#endif
/* We use char because int might match the return type of a gcc2
   builtin and then its argument prototype would still apply.  */
char tgoto ();
char (*f) ();

int
main (void)
{
/* The GNU C library defines this for functions which it implements
    to always fail with ENOSYS.  Some functions are actually named
    something starting with __ and the normal name is an alias.  */
#if defined (__stub_tgoto) || defined (__stub___tgoto)
choke me
#else
f = tgoto; /* workaround for ICC 12.0.3 */ if (f == 0) return 1;
#endif

  ;
  return 0;
}
configure:12406: result: no
configure:12415: checking for tgoto in -lncurses
configure:12442: gcc -o conftest -g -O2 -D_DARWIN_C_SOURCE  conftest.c -lncurses   >&5
configure:12445: $? = 0
configure:12448: test -s conftest
configure:12451: $? = 0
configure:12462: result: yes
configure:12481: checking for initscr in -lncurses
configure:12508: gcc -o conftest -g -O2 -D_DARWIN_C_SOURCE  conftest.c -lncurses  -lncurses  >&5
configure:12511: $? = 0
configure:12514: test -s conftest
configure:12517: $? = 0
configure:12528: result: yes
configure:20380: checking for _nc_init_pthreads in -lcurses
configure:20407: gcc -o conftest -g -O2 -D_DARWIN_C_SOURCE  conftest.c -lcurses  -lncurses  >&5
Undefined symbols for architecture x86_64:
  "__nc_init_pthreads", referenced from:
      _main in conftest-cee033.o
ld: symbol(s) not found for architecture x86_64
clang: error: linker command failed with exit code 1 (use -v to see invocation)
configure:20410: $? = 1
configure: failed program was:
#line 20388 "configure"
#include "confdefs.h"

/* Override any gcc2 internal prototype to avoid an error.  */
#ifdef __cplusplus
extern "C"
#endif
/* We use char because int might match the return type of a gcc2
   builtin and then its argument prototype would still apply.  */
char _nc_init_pthreads ();
int
main (void)
{
_nc_init_pthreads ();
  ;
  return 0;
}
configure:20427: result: no
configure:20456: checking if curses supports wide characters
configure:20482: gcc -o conftest -g -O2 -D_DARWIN_C_SOURCE  conftest.c -lncurses  >&5
configure:20474:5: warning: implicit declaration of function 'waddnwstr' is invalid in C99 [-Wimplicit-function-declaration]
    waddnwstr(stdscr, temp, 1);
    ^
1 warning generated.
configure:20485: $? = 0
configure:20488: test -s conftest
configure:20491: $? = 0
configure:20502: result: yes
configure:20512: checking if we must include wchar.h to declare mbstate_t
configure:20533: gcc -c -g -O2 -D_DARWIN_C_SOURCE conftest.c >&5
configure:20526:1: error: unknown type name 'mbstate_t'; did you mean '__mbstate_t'?
mbstate_t state
^~~~~~~~~
__mbstate_t
/Applications/Xcode.app/Contents/Developer/Platforms/MacOSX.platform/Developer/SDKs/MacOSX10.12.sdk/usr/include/i386/_types.h:79:3: note: '__mbstate_t' declared here
} __mbstate_t;
  ^
1 error generated.
configure:20536: $? = 1
configure: failed program was:
#line 20519 "configure"
#include "confdefs.h"

#include <stdlib.h>
#include <ncurses.h>
int
main (void)
{
mbstate_t state
  ;
  return 0;
}
configure:20564: gcc -c -g -O2 -D_DARWIN_C_SOURCE conftest.c >&5
configure:20567: $? = 0
configure:20570: test -s conftest.o
configure:20573: $? = 0
configure:20585: result: yes
configure:20608: checking if you want extra dialogs
configure:20618: result: yes
configure:20626: checking if you want config-file support
configure:20636: result: yes
configure:20649: checking if you want Xdialog-style dialogs
configure:20659: result: yes
configure:20672: checking if you want extra Xdialog-style dialogs (1.2)
configure:20682: result: yes
configure:20695: checking if you want compatibility with whiptail options
configure:20705: result: yes
configure:20717: checking if you want the form dialog
configure:20727: result: yes
configure:20740: checking if you want the gauge dialog
configure:20750: result: yes
configure:20763: checking if you want the tailbox dialog
configure:20773: result: yes
configure:20786: checking if you want the mixedform dialog
configure:20796: result: yes
configure:20809: checking if you want the mixedgauge dialog
configure:20819: result: yes
configure:20832: checking if you want the wide-curses features
configure:20842: result: yes
configure:20854: checking for ANSI C header files
configure:20982: result: yes
configure:20992: checking whether time.h and sys/time.h may both be included
configure:21014: gcc -c -g -O2 -D_DARWIN_C_SOURCE conftest.c >&5
configure:21017: $? = 0
configure:21020: test -s conftest.o
configure:21023: $? = 0
configure:21033: result: yes
configure:21046: checking for dirent.h that defines DIR
configure:21067: gcc -c -g -O2 -D_DARWIN_C_SOURCE conftest.c >&5
configure:21070: $? = 0
configure:21073: test -s conftest.o
configure:21076: $? = 0
configure:21086: result: yes
configure:21099: checking for opendir in -ldir
configure:21126: gcc -o conftest -g -O2 -D_DARWIN_C_SOURCE  conftest.c -ldir  -lncurses  >&5
ld: library not found for -ldir
clang: error: linker command failed with exit code 1 (use -v to see invocation)
configure:21129: $? = 1
configure: failed program was:
#line 21107 "configure"
#include "confdefs.h"

/* Override any gcc2 internal prototype to avoid an error.  */
#ifdef __cplusplus
extern "C"
#endif
/* We use char because int might match the return type of a gcc2
   builtin and then its argument prototype would still apply.  */
char opendir ();
int
main (void)
{
opendir ();
  ;
  return 0;
}
configure:21146: result: no
configure:21211: checking for search.h
configure:21221: gcc -E -D_DARWIN_C_SOURCE conftest.c
configure:21227: $? = 0
configure:21246: result: yes
configure:21211: checking for stdint.h
configure:21246: result: yes
configure:21211: checking for unistd.h
configure:21246: result: yes
configure:21256: checking for term.h
configure:21361: result: term.h
configure:21388: checking return type of signal handlers
configure:21416: gcc -c -g -O2 -D_DARWIN_C_SOURCE conftest.c >&5
configure:21419: $? = 0
configure:21422: test -s conftest.o
configure:21425: $? = 0
configure:21435: result: void
configure:21461: checking for _nc_free_and_exit
configure:21498: gcc -o conftest -g -O2 -D_DARWIN_C_SOURCE  conftest.c -lncurses  >&5
configure:21501: $? = 0
configure:21504: test -s conftest
configure:21507: $? = 0
configure:21517: result: yes
configure:21461: checking for btowc
configure:21498: gcc -o conftest -g -O2 -D_DARWIN_C_SOURCE  conftest.c -lncurses  >&5
configure:21501: $? = 0
configure:21504: test -s conftest
configure:21507: $? = 0
configure:21517: result: yes
configure:21461: checking for mblen
configure:21498: gcc -o conftest -g -O2 -D_DARWIN_C_SOURCE  conftest.c -lncurses  >&5
configure:21501: $? = 0
configure:21504: test -s conftest
configure:21507: $? = 0
configure:21517: result: yes
configure:21461: checking for mbrlen
configure:21498: gcc -o conftest -g -O2 -D_DARWIN_C_SOURCE  conftest.c -lncurses  >&5
configure:21501: $? = 0
configure:21504: test -s conftest
configure:21507: $? = 0
configure:21517: result: yes
configure:21461: checking for mbrtowc
configure:21498: gcc -o conftest -g -O2 -D_DARWIN_C_SOURCE  conftest.c -lncurses  >&5
configure:21501: $? = 0
configure:21504: test -s conftest
configure:21507: $? = 0
configure:21517: result: yes
configure:21461: checking for mbtowc
configure:21498: gcc -o conftest -g -O2 -D_DARWIN_C_SOURCE  conftest.c -lncurses  >&5
configure:21501: $? = 0
configure:21504: test -s conftest
configure:21507: $? = 0
configure:21517: result: yes
configure:21461: checking for strcasecmp
configure:21517: result: yes
configure:21461: checking for strftime
configure:21498: gcc -o conftest -g -O2 -D_DARWIN_C_SOURCE  conftest.c -lncurses  >&5
configure:21501: $? = 0
configure:21504: test -s conftest
configure:21507: $? = 0
configure:21517: result: yes
configure:21461: checking for tsearch
configure:21517: result: yes
configure:21461: checking for waitpid
configure:21498: gcc -o conftest -g -O2 -D_DARWIN_C_SOURCE  conftest.c -lncurses  >&5
configure:21501: $? = 0
configure:21504: test -s conftest
configure:21507: $? = 0
configure:21517: result: yes
configure:21461: checking for wcsrtombs
configure:21498: gcc -o conftest -g -O2 -D_DARWIN_C_SOURCE  conftest.c -lncurses  >&5
configure:21501: $? = 0
configure:21504: test -s conftest
configure:21507: $? = 0
configure:21517: result: yes
configure:21461: checking for wcstombs
configure:21498: gcc -o conftest -g -O2 -D_DARWIN_C_SOURCE  conftest.c -lncurses  >&5
configure:21501: $? = 0
configure:21504: test -s conftest
configure:21507: $? = 0
configure:21517: result: yes
configure:21461: checking for wctob
configure:21498: gcc -o conftest -g -O2 -D_DARWIN_C_SOURCE  conftest.c -lncurses  >&5
configure:21501: $? = 0
configure:21504: test -s conftest
configure:21507: $? = 0
configure:21517: result: yes
configure:21461: checking for wctomb
configure:21498: gcc -o conftest -g -O2 -D_DARWIN_C_SOURCE  conftest.c -lncurses  >&5
configure:21501: $? = 0
configure:21504: test -s conftest
configure:21507: $? = 0
configure:21517: result: yes
configure:21461: checking for mktime
configure:21498: gcc -o conftest -g -O2 -D_DARWIN_C_SOURCE  conftest.c -lncurses  >&5
configure:21501: $? = 0
configure:21504: test -s conftest
configure:21507: $? = 0
configure:21517: result: yes
configure:21527: checking definition to turn on extended curses functions
configure:21561: gcc -o conftest -g -O2 -D_DARWIN_C_SOURCE  conftest.c -lncurses  >&5
configure:21549:2: error: unknown type name 'cchar_t'; did you mean 'wchar_t'?
        cchar_t check;
        ^~~~~~~
        wchar_t
/Applications/Xcode.app/Contents/Developer/Platforms/MacOSX.platform/Developer/SDKs/MacOSX10.12.sdk/usr/include/sys/_types/_wchar_t.h:33:26: note: 'wchar_t' declared here
typedef __darwin_wchar_t wchar_t;
                         ^
1 error generated.
configure:21564: $? = 1
configure: failed program was:
#line 21535 "configure"
#include "confdefs.h"

#include <stdlib.h>
#include <ncurses.h>
int
main (void)
{

#if defined(NCURSES_VERSION_PATCH)
#if (NCURSES_VERSION_PATCH < 20100501) && (NCURSES_VERSION_PATCH >= 20100403)
	make an error
#endif
#endif
#ifdef NCURSES_VERSION
	cchar_t check;
	int check2 = curs_set((int)sizeof(check));
#endif
	long x = winnstr(stdscr, "", 0);
	int x1, y1;
	getbegyx(stdscr, y1, x1)
  ;
  return 0;
}
configure:21602: gcc -o conftest -g -O2 -D_DARWIN_C_SOURCE  conftest.c -lncurses  >&5
configure:21605: $? = 0
configure:21608: test -s conftest
configure:21611: $? = 0
configure:21625: result: _XOPEN_SOURCE_EXTENDED
configure:21634: checking for unctrl.h
configure:21669: gcc -c -g -O2 -D_DARWIN_C_SOURCE -D_XOPEN_SOURCE_EXTENDED conftest.c >&5
configure:21672: $? = 0
configure:21675: test -s conftest.o
configure:21678: $? = 0
configure:21691: result: unctrl.h
configure:21749: checking for flushinp
configure:21752: testing flushinp ...
configure:21794: gcc -o conftest -g -O2 -D_DARWIN_C_SOURCE -D_XOPEN_SOURCE_EXTENDED  conftest.c -lncurses  >&5
configure:21783:53: warning: format specifies type 'void *' but the argument has type 'long' [-Wformat]
fprintf(stderr, "testing linkage of flushinp:%p\n", foo);
                                             ~~     ^~~
                                             %ld
1 warning generated.
configure:21797: $? = 0
configure:21800: test -s conftest
configure:21803: $? = 0
configure:21819: result: yes
configure:21749: checking for getattrs
configure:21752: testing getattrs ...
configure:21794: gcc -o conftest -g -O2 -D_DARWIN_C_SOURCE -D_XOPEN_SOURCE_EXTENDED  conftest.c -lncurses  >&5
configure:21783:53: warning: format specifies type 'void *' but the argument has type 'long' [-Wformat]
fprintf(stderr, "testing linkage of getattrs:%p\n", foo);
                                             ~~     ^~~
                                             %ld
1 warning generated.
configure:21797: $? = 0
configure:21800: test -s conftest
configure:21803: $? = 0
configure:21819: result: yes
configure:21749: checking for getbegx
configure:21752: testing getbegx ...
configure:21794: gcc -o conftest -g -O2 -D_DARWIN_C_SOURCE -D_XOPEN_SOURCE_EXTENDED  conftest.c -lncurses  >&5
configure:21783:52: warning: format specifies type 'void *' but the argument has type 'long' [-Wformat]
fprintf(stderr, "testing linkage of getbegx:%p\n", foo);
                                            ~~     ^~~
                                            %ld
1 warning generated.
configure:21797: $? = 0
configure:21800: test -s conftest
configure:21803: $? = 0
configure:21819: result: yes
configure:21749: checking for getbegy
configure:21752: testing getbegy ...
configure:21794: gcc -o conftest -g -O2 -D_DARWIN_C_SOURCE -D_XOPEN_SOURCE_EXTENDED  conftest.c -lncurses  >&5
configure:21783:52: warning: format specifies type 'void *' but the argument has type 'long' [-Wformat]
fprintf(stderr, "testing linkage of getbegy:%p\n", foo);
                                            ~~     ^~~
                                            %ld
1 warning generated.
configure:21797: $? = 0
configure:21800: test -s conftest
configure:21803: $? = 0
configure:21819: result: yes
configure:21749: checking for getbegyx
configure:21752: testing getbegyx ...
configure:21794: gcc -o conftest -g -O2 -D_DARWIN_C_SOURCE -D_XOPEN_SOURCE_EXTENDED  conftest.c -lncurses  >&5
configure:21797: $? = 0
configure:21800: test -s conftest
configure:21803: $? = 0
configure:21819: result: yes
configure:21749: checking for getcurx
configure:21752: testing getcurx ...
configure:21794: gcc -o conftest -g -O2 -D_DARWIN_C_SOURCE -D_XOPEN_SOURCE_EXTENDED  conftest.c -lncurses  >&5
configure:21783:52: warning: format specifies type 'void *' but the argument has type 'long' [-Wformat]
fprintf(stderr, "testing linkage of getcurx:%p\n", foo);
                                            ~~     ^~~
                                            %ld
1 warning generated.
configure:21797: $? = 0
configure:21800: test -s conftest
configure:21803: $? = 0
configure:21819: result: yes
configure:21749: checking for getcury
configure:21752: testing getcury ...
configure:21794: gcc -o conftest -g -O2 -D_DARWIN_C_SOURCE -D_XOPEN_SOURCE_EXTENDED  conftest.c -lncurses  >&5
configure:21783:52: warning: format specifies type 'void *' but the argument has type 'long' [-Wformat]
fprintf(stderr, "testing linkage of getcury:%p\n", foo);
                                            ~~     ^~~
                                            %ld
1 warning generated.
configure:21797: $? = 0
configure:21800: test -s conftest
configure:21803: $? = 0
configure:21819: result: yes
configure:21749: checking for getmaxx
configure:21752: testing getmaxx ...
configure:21794: gcc -o conftest -g -O2 -D_DARWIN_C_SOURCE -D_XOPEN_SOURCE_EXTENDED  conftest.c -lncurses  >&5
configure:21783:52: warning: format specifies type 'void *' but the argument has type 'long' [-Wformat]
fprintf(stderr, "testing linkage of getmaxx:%p\n", foo);
                                            ~~     ^~~
                                            %ld
1 warning generated.
configure:21797: $? = 0
configure:21800: test -s conftest
configure:21803: $? = 0
configure:21819: result: yes
configure:21749: checking for getmaxy
configure:21752: testing getmaxy ...
configure:21794: gcc -o conftest -g -O2 -D_DARWIN_C_SOURCE -D_XOPEN_SOURCE_EXTENDED  conftest.c -lncurses  >&5
configure:21783:52: warning: format specifies type 'void *' but the argument has type 'long' [-Wformat]
fprintf(stderr, "testing linkage of getmaxy:%p\n", foo);
                                            ~~     ^~~
                                            %ld
1 warning generated.
configure:21797: $? = 0
configure:21800: test -s conftest
configure:21803: $? = 0
configure:21819: result: yes
configure:21749: checking for getmaxyx
configure:21752: testing getmaxyx ...
configure:21794: gcc -o conftest -g -O2 -D_DARWIN_C_SOURCE -D_XOPEN_SOURCE_EXTENDED  conftest.c -lncurses  >&5
configure:21797: $? = 0
configure:21800: test -s conftest
configure:21803: $? = 0
configure:21819: result: yes
configure:21749: checking for getparx
configure:21752: testing getparx ...
configure:21794: gcc -o conftest -g -O2 -D_DARWIN_C_SOURCE -D_XOPEN_SOURCE_EXTENDED  conftest.c -lncurses  >&5
configure:21783:52: warning: format specifies type 'void *' but the argument has type 'long' [-Wformat]
fprintf(stderr, "testing linkage of getparx:%p\n", foo);
                                            ~~     ^~~
                                            %ld
1 warning generated.
configure:21797: $? = 0
configure:21800: test -s conftest
configure:21803: $? = 0
configure:21819: result: yes
configure:21749: checking for getpary
configure:21752: testing getpary ...
configure:21794: gcc -o conftest -g -O2 -D_DARWIN_C_SOURCE -D_XOPEN_SOURCE_EXTENDED  conftest.c -lncurses  >&5
configure:21783:52: warning: format specifies type 'void *' but the argument has type 'long' [-Wformat]
fprintf(stderr, "testing linkage of getpary:%p\n", foo);
                                            ~~     ^~~
                                            %ld
1 warning generated.
configure:21797: $? = 0
configure:21800: test -s conftest
configure:21803: $? = 0
configure:21819: result: yes
configure:21749: checking for getparyx
configure:21752: testing getparyx ...
configure:21794: gcc -o conftest -g -O2 -D_DARWIN_C_SOURCE -D_XOPEN_SOURCE_EXTENDED  conftest.c -lncurses  >&5
configure:21797: $? = 0
configure:21800: test -s conftest
configure:21803: $? = 0
configure:21819: result: yes
configure:21749: checking for use_default_colors
configure:21752: testing use_default_colors ...
configure:21794: gcc -o conftest -g -O2 -D_DARWIN_C_SOURCE -D_XOPEN_SOURCE_EXTENDED  conftest.c -lncurses  >&5
configure:21783:63: warning: format specifies type 'void *' but the argument has type 'long' [-Wformat]
fprintf(stderr, "testing linkage of use_default_colors:%p\n", foo);
                                                       ~~     ^~~
                                                       %ld
1 warning generated.
configure:21797: $? = 0
configure:21800: test -s conftest
configure:21803: $? = 0
configure:21819: result: yes
configure:21749: checking for wchgat
configure:21752: testing wchgat ...
configure:21794: gcc -o conftest -g -O2 -D_DARWIN_C_SOURCE -D_XOPEN_SOURCE_EXTENDED  conftest.c -lncurses  >&5
configure:21783:51: warning: format specifies type 'void *' but the argument has type 'long' [-Wformat]
fprintf(stderr, "testing linkage of wchgat:%p\n", foo);
                                           ~~     ^~~
                                           %ld
1 warning generated.
configure:21797: $? = 0
configure:21800: test -s conftest
configure:21803: $? = 0
configure:21819: result: yes
configure:21749: checking for wcursyncup
configure:21752: testing wcursyncup ...
configure:21794: gcc -o conftest -g -O2 -D_DARWIN_C_SOURCE -D_XOPEN_SOURCE_EXTENDED  conftest.c -lncurses  >&5
configure:21783:55: warning: format specifies type 'void *' but the argument has type 'long' [-Wformat]
fprintf(stderr, "testing linkage of wcursyncup:%p\n", foo);
                                               ~~     ^~~
                                               %ld
1 warning generated.
configure:21797: $? = 0
configure:21800: test -s conftest
configure:21803: $? = 0
configure:21819: result: yes
configure:21749: checking for wget_wch
configure:21752: testing wget_wch ...
configure:21794: gcc -o conftest -g -O2 -D_DARWIN_C_SOURCE -D_XOPEN_SOURCE_EXTENDED  conftest.c -lncurses  >&5
configure:21783:53: warning: format specifies type 'void *' but the argument has type 'long' [-Wformat]
fprintf(stderr, "testing linkage of wget_wch:%p\n", foo);
                                             ~~     ^~~
                                             %ld
1 warning generated.
configure:21797: $? = 0
configure:21800: test -s conftest
configure:21803: $? = 0
configure:21819: result: yes
configure:21749: checking for wsyncup
configure:21752: testing wsyncup ...
configure:21794: gcc -o conftest -g -O2 -D_DARWIN_C_SOURCE -D_XOPEN_SOURCE_EXTENDED  conftest.c -lncurses  >&5
configure:21783:52: warning: format specifies type 'void *' but the argument has type 'long' [-Wformat]
fprintf(stderr, "testing linkage of wsyncup:%p\n", foo);
                                            ~~     ^~~
                                            %ld
1 warning generated.
configure:21797: $? = 0
configure:21800: test -s conftest
configure:21803: $? = 0
configure:21819: result: yes
configure:21829: checking for start_color
configure:21866: gcc -o conftest -g -O2 -D_DARWIN_C_SOURCE -D_XOPEN_SOURCE_EXTENDED  conftest.c -lncurses  >&5
configure:21869: $? = 0
configure:21872: test -s conftest
configure:21875: $? = 0
configure:21885: result: yes
configure:21895: checking for chtype typedef
configure:21914: gcc -c -g -O2 -D_DARWIN_C_SOURCE -D_XOPEN_SOURCE_EXTENDED conftest.c >&5
configure:21917: $? = 0
configure:21920: test -s conftest.o
configure:21923: $? = 0
configure:21933: result: yes
configure:21941: checking if chtype is scalar or struct
configure:21960: gcc -c -g -O2 -D_DARWIN_C_SOURCE -D_XOPEN_SOURCE_EXTENDED conftest.c >&5
configure:21963: $? = 0
configure:21966: test -s conftest.o
configure:21969: $? = 0
configure:21979: result: scalar
configure:21990: checking for wide alternate character set array
configure:22016: gcc -o conftest -g -O2 -D_DARWIN_C_SOURCE -D_XOPEN_SOURCE_EXTENDED  conftest.c -lncurses  >&5
configure:22009:15: error: use of undeclared identifier 'wacs_map'; did you mean 'acs_map'?
void *foo = &(wacs_map['k'])
              ^~~~~~~~
              acs_map
/Applications/Xcode.app/Contents/Developer/Platforms/MacOSX.platform/Developer/SDKs/MacOSX10.12.sdk/usr/include/curses.h:231:35: note: 'acs_map' declared here
extern NCURSES_EXPORT_VAR(chtype) acs_map[];
                                  ^
1 error generated.
configure:22019: $? = 1
configure: failed program was:
#line 22000 "configure"
#include "confdefs.h"

#ifndef _XOPEN_SOURCE_EXTENDED
#define _XOPEN_SOURCE_EXTENDED
#endif
#include <ncurses.h>
int
main (void)
{
void *foo = &(wacs_map['k'])
  ;
  return 0;
}
configure:22016: gcc -o conftest -g -O2 -D_DARWIN_C_SOURCE -D_XOPEN_SOURCE_EXTENDED  conftest.c -lncurses  >&5
configure:22009:15: error: use of undeclared identifier '_wacs_map'; did you mean 'acs_map'?
void *foo = &(_wacs_map['k'])
              ^~~~~~~~~
              acs_map
/Applications/Xcode.app/Contents/Developer/Platforms/MacOSX.platform/Developer/SDKs/MacOSX10.12.sdk/usr/include/curses.h:231:35: note: 'acs_map' declared here
extern NCURSES_EXPORT_VAR(chtype) acs_map[];
                                  ^
1 error generated.
configure:22019: $? = 1
configure: failed program was:
#line 22000 "configure"
#include "confdefs.h"

#ifndef _XOPEN_SOURCE_EXTENDED
#define _XOPEN_SOURCE_EXTENDED
#endif
#include <ncurses.h>
int
main (void)
{
void *foo = &(_wacs_map['k'])
  ;
  return 0;
}
configure:22016: gcc -o conftest -g -O2 -D_DARWIN_C_SOURCE -D_XOPEN_SOURCE_EXTENDED  conftest.c -lncurses  >&5
configure:22009:15: error: use of undeclared identifier '__wacs_map'; did you mean 'acs_map'?
void *foo = &(__wacs_map['k'])
              ^~~~~~~~~~
              acs_map
/Applications/Xcode.app/Contents/Developer/Platforms/MacOSX.platform/Developer/SDKs/MacOSX10.12.sdk/usr/include/curses.h:231:35: note: 'acs_map' declared here
extern NCURSES_EXPORT_VAR(chtype) acs_map[];
                                  ^
1 error generated.
configure:22019: $? = 1
configure: failed program was:
#line 22000 "configure"
#include "confdefs.h"

#ifndef _XOPEN_SOURCE_EXTENDED
#define _XOPEN_SOURCE_EXTENDED
#endif
#include <ncurses.h>
int
main (void)
{
void *foo = &(__wacs_map['k'])
  ;
  return 0;
}
configure:22016: gcc -o conftest -g -O2 -D_DARWIN_C_SOURCE -D_XOPEN_SOURCE_EXTENDED  conftest.c -lncurses  >&5
configure:22019: $? = 0
configure:22022: test -s conftest
configure:22025: $? = 0
configure:22036: result: _nc_wacs
configure:22044: checking for wide alternate character constants
configure:22071: gcc -o conftest -g -O2 -D_DARWIN_C_SOURCE -D_XOPEN_SOURCE_EXTENDED  conftest.c -lncurses  >&5
configure:22074: $? = 0
configure:22077: test -s conftest
configure:22080: $? = 0
configure:22126: result: yes
configure:22139: checking for wgetparent
configure:22142: testing wgetparent ...
configure:22184: gcc -o conftest -g -O2 -D_DARWIN_C_SOURCE -D_XOPEN_SOURCE_EXTENDED  conftest.c -lncurses  >&5
configure:22173:55: warning: format specifies type 'void *' but the argument has type 'long' [-Wformat]
fprintf(stderr, "testing linkage of wgetparent:%p\n", foo);
                                               ~~     ^~~
                                               %ld
1 warning generated.
configure:22187: $? = 0
configure:22190: test -s conftest
configure:22193: $? = 0
configure:22209: result: yes
configure:22269: checking for sys/wait.h
configure:22279: gcc -E -D_DARWIN_C_SOURCE -D_XOPEN_SOURCE_EXTENDED conftest.c
configure:22285: $? = 0
configure:22304: result: yes
configure:22430: checking for union wait
configure:22453: gcc -o conftest -g -O2 -D_DARWIN_C_SOURCE -D_XOPEN_SOURCE_EXTENDED  conftest.c -lncurses  >&5
configure:22456: $? = 0
configure:22459: test -s conftest
configure:22462: $? = 0
compiles ok w/o union wait
configure:22516: result: no
configure:22621: checking if we must include wchar.h to declare mbstate_t
configure:22645: gcc -c -g -O2 -D_DARWIN_C_SOURCE -D_XOPEN_SOURCE_EXTENDED conftest.c >&5
configure:22638:1: error: unknown type name 'mbstate_t'; did you mean '__mbstate_t'?
mbstate_t state
^~~~~~~~~
__mbstate_t
/Applications/Xcode.app/Contents/Developer/Platforms/MacOSX.platform/Developer/SDKs/MacOSX10.12.sdk/usr/include/i386/_types.h:79:3: note: '__mbstate_t' declared here
} __mbstate_t;
  ^
1 error generated.
configure:22648: $? = 1
configure: failed program was:
#line 22628 "configure"
#include "confdefs.h"

#include <stdlib.h>
#include <stdio.h>
#ifdef HAVE_LIBUTF8_H
#include <libutf8.h>
#endif
int
main (void)
{
mbstate_t state
  ;
  return 0;
}
configure:22679: gcc -c -g -O2 -D_DARWIN_C_SOURCE -D_XOPEN_SOURCE_EXTENDED conftest.c >&5
configure:22682: $? = 0
configure:22685: test -s conftest.o
configure:22688: $? = 0
configure:22700: result: yes
configure:22737: gcc -o conftest -g -O2 -D_DARWIN_C_SOURCE -D_XOPEN_SOURCE_EXTENDED  conftest.c -lncurses  >&5
configure:22740: $? = 0
configure:22743: test -s conftest
configure:22746: $? = 0
configure:22759: checking if runtime has nl_langinfo support for first weekday
configure:22784: gcc -c -g -O2 -D_DARWIN_C_SOURCE -D_XOPEN_SOURCE_EXTENDED conftest.c >&5
configure:22775:35: error: use of undeclared identifier '_NL_TIME_FIRST_WEEKDAY'
        int first_weekday = nl_langinfo (_NL_TIME_FIRST_WEEKDAY)[0];
                                         ^
configure:22776:43: error: use of undeclared identifier '_NL_TIME_WEEK_1STDAY'
        long week_1stday_l = (long) nl_langinfo (_NL_TIME_WEEK_1STDAY);
                                                 ^
2 errors generated.
configure:22787: $? = 1
configure: failed program was:
#line 22766 "configure"
#include "confdefs.h"

#include <langinfo.h>
#include <locale.h>

int
main (void)
{

	int first_weekday = nl_langinfo (_NL_TIME_FIRST_WEEKDAY)[0];
	long week_1stday_l = (long) nl_langinfo (_NL_TIME_WEEK_1STDAY);

  ;
  return 0;
}
configure:22806: result: no
configure:22812: checking if rpath-hack should be disabled
configure:22829: result: no
configure:22833: checking for updated LDFLAGS
configure:23059: result: no
configure:23173: creating ./config.status

## ----------------------- ##
## Running config.status.  ##
## ----------------------- ##

This file was extended by config.status 2.52.20170501, executed with
  CONFIG_FILES    = 
  CONFIG_HEADERS  = 
  CONFIG_LINKS    = 
  CONFIG_COMMANDS = 
  > ./config.status 
on yj-mac.local

config.status:23790: creating dialog-config
config.status:23790: creating makefile
config.status:23790: creating headers-sh
config.status:23943: creating dlg_config.h

## ----------------- ##
## Cache variables.  ##
## ----------------- ##

ac_cv_build=x86_64-apple-darwin16.4.0
ac_cv_build_alias=x86_64-apple-darwin16.4.0
ac_cv_c_compiler_gnu=yes
ac_cv_c_inline=inline
ac_cv_env_CC_set=
ac_cv_env_CC_value=
ac_cv_env_CFLAGS_set=
ac_cv_env_CFLAGS_value=
ac_cv_env_CPPFLAGS_set=
ac_cv_env_CPPFLAGS_value=
ac_cv_env_CPP_set=
ac_cv_env_CPP_value=
ac_cv_env_LDFLAGS_set=
ac_cv_env_LDFLAGS_value=
ac_cv_env_build_alias_set=
ac_cv_env_build_alias_value=
ac_cv_env_host_alias_set=
ac_cv_env_host_alias_value=
ac_cv_env_target_alias_set=
ac_cv_env_target_alias_value=
ac_cv_func___argz_count=no
ac_cv_func___argz_next=no
ac_cv_func___argz_stringify=no
ac_cv_func__nc_free_and_exit=yes
ac_cv_func_alloca_works=yes
ac_cv_func_btowc=yes
ac_cv_func_feof_unlocked=yes
ac_cv_func_fgets_unlocked=no
ac_cv_func_fseeko=yes
ac_cv_func_getcwd=yes
ac_cv_func_getegid=yes
ac_cv_func_geteuid=yes
ac_cv_func_getgid=yes
ac_cv_func_getpagesize=yes
ac_cv_func_getuid=yes
ac_cv_func_mblen=yes
ac_cv_func_mbrlen=yes
ac_cv_func_mbrtowc=yes
ac_cv_func_mbtowc=yes
ac_cv_func_mempcpy=no
ac_cv_func_mktime=yes
ac_cv_func_mmap_fixed_mapped=yes
ac_cv_func_munmap=yes
ac_cv_func_putenv=yes
ac_cv_func_setenv=yes
ac_cv_func_setlocale=yes
ac_cv_func_start_color=yes
ac_cv_func_stpcpy=yes
ac_cv_func_strcasecmp=yes
ac_cv_func_strchr=yes
ac_cv_func_strdup=yes
ac_cv_func_strftime=yes
ac_cv_func_strtoul=yes
ac_cv_func_tgoto=no
ac_cv_func_tsearch=yes
ac_cv_func_waitpid=yes
ac_cv_func_wcsrtombs=yes
ac_cv_func_wcstombs=yes
ac_cv_func_wctob=yes
ac_cv_func_wctomb=yes
ac_cv_gnu_library_2_1=no
ac_cv_header_argz_h=no
ac_cv_header_dirent_dirent_h=yes
ac_cv_header_inttypes_h=yes
ac_cv_header_limits_h=yes
ac_cv_header_locale_h=yes
ac_cv_header_malloc_h=no
ac_cv_header_memory_h=yes
ac_cv_header_ncurses_h=yes
ac_cv_header_nl_types_h=yes
ac_cv_header_search_h=yes
ac_cv_header_stdc=yes
ac_cv_header_stddef_h=yes
ac_cv_header_stdint_h=yes
ac_cv_header_stdlib_h=yes
ac_cv_header_string_h=yes
ac_cv_header_strings_h=yes
ac_cv_header_sys_param_h=yes
ac_cv_header_sys_stat_h=yes
ac_cv_header_sys_types_h=yes
ac_cv_header_sys_wait_h=yes
ac_cv_header_time=yes
ac_cv_header_unistd_h=yes
ac_cv_host=x86_64-apple-darwin16.4.0
ac_cv_host_alias=x86_64-apple-darwin16.4.0
ac_cv_lib_curses____nc_init_pthreads=no
ac_cv_lib_dir_opendir=no
ac_cv_lib_ncurses___initscr=yes
ac_cv_lib_ncurses___tgoto=yes
ac_cv_objext=o
ac_cv_path_GROFF_PATH=/usr/bin/groff
ac_cv_path_NROFF_PATH=/usr/bin/nroff
ac_cv_path_ac_pt_PKG_CONFIG=/usr/local/bin/pkg-config
ac_cv_path_install='/usr/bin/install -c'
ac_cv_prog_CPP='gcc -E'
ac_cv_prog_CTAGS=ctags
ac_cv_prog_ETAGS=etags
ac_cv_prog_MAKE_LOWER_TAGS=yes
ac_cv_prog_ac_ct_AR=ar
ac_cv_prog_ac_ct_CC=gcc
ac_cv_prog_ac_ct_RANLIB=ranlib
ac_cv_prog_cc_g=yes
ac_cv_prog_cc_stdc=
ac_cv_prog_make_make_set=yes
ac_cv_sys_file_offset_bits=no
ac_cv_sys_large_files=no
ac_cv_sys_largefile_CC=no
ac_cv_sys_largefile_source=no
ac_cv_type_off_t=yes
ac_cv_type_signal=void
ac_cv_type_size_t=yes
ac_cv_working_alloca_h=yes
am_cv_func_iconv=yes
am_cv_langinfo_codeset=yes
am_cv_proto_iconv_arg1=
am_cv_proto_iconv_const=no
am_cv_val_LC_MESSAGES=yes
cf_cv_abi_version=0
cf_cv_ar_flags=-curv
cf_cv_chtype_decl=yes
cf_cv_chtype_type=scalar
cf_cv_curses_dir=no
cf_cv_curses_incdir=no
cf_cv_curses_wacs_map=_nc_wacs
cf_cv_curses_wacs_symbols=yes
cf_cv_enable_rpath=no
cf_cv_find_linkage_iconv=yes
cf_cv_func_flushinp=yes
cf_cv_func_getattrs=yes
cf_cv_func_getbegx=yes
cf_cv_func_getbegy=yes
cf_cv_func_getbegyx=yes
cf_cv_func_getcurx=yes
cf_cv_func_getcury=yes
cf_cv_func_getmaxx=yes
cf_cv_func_getmaxy=yes
cf_cv_func_getmaxyx=yes
cf_cv_func_getparx=yes
cf_cv_func_getpary=yes
cf_cv_func_getparyx=yes
cf_cv_func_use_default_colors=yes
cf_cv_func_wchgat=yes
cf_cv_func_wcursyncup=yes
cf_cv_func_wget_wch=yes
cf_cv_func_wgetparent=yes
cf_cv_func_wsyncup=yes
cf_cv_header_path_iconv=/usr/include
cf_cv_library_file_iconv=-liconv
cf_cv_library_path_iconv=/usr/lib
cf_cv_makeflags=
cf_cv_mbstate_t=yes
cf_cv_mixedcase=no
cf_cv_ncurses_header=ncurses.h
cf_cv_ncurses_pthreads=no
cf_cv_ncurses_version=5.7.20081102
cf_cv_need_libm=no
cf_cv_need_xopen_extension=_XOPEN_SOURCE_EXTENDED
cf_cv_rel_version=1.3
cf_cv_screen=curses
cf_cv_struct_dirent64=no
cf_cv_system_name=darwin16.4.0
cf_cv_term_header=term.h
cf_cv_type_unionwait=no
cf_cv_unctrl_header=unctrl.h
cf_cv_widec_curses=yes
cf_cv_widec_mbstate=yes
nls_cv_header_intl=
nls_cv_header_libgt=

## ------------ ##
## confdefs.h.  ##
## ------------ ##

#define SYSTEM_NAME "darwin16.4.0"
#define HAVE_FSEEKO 1
#define PACKAGE "dialog"
#define DIALOG_VERSION "1.3"
#define DIALOG_PATCHDATE 20170509
#define STDC_HEADERS 1
#define HAVE_SYS_TYPES_H 1
#define HAVE_SYS_STAT_H 1
#define HAVE_STDLIB_H 1
#define HAVE_STRING_H 1
#define HAVE_MEMORY_H 1
#define HAVE_STRINGS_H 1
#define HAVE_INTTYPES_H 1
#define HAVE_STDINT_H 1
#define HAVE_UNISTD_H 1
#define HAVE_ALLOCA_H 1
#define HAVE_ALLOCA 1
#define HAVE_STDLIB_H 1
#define HAVE_UNISTD_H 1
#define HAVE_GETPAGESIZE 1
#define HAVE_MMAP 1
#define HAVE_LIMITS_H 1
#define HAVE_LOCALE_H 1
#define HAVE_NL_TYPES_H 1
#define HAVE_STDDEF_H 1
#define HAVE_STDLIB_H 1
#define HAVE_STRING_H 1
#define HAVE_UNISTD_H 1
#define HAVE_SYS_PARAM_H 1
#define HAVE_FEOF_UNLOCKED 1
#define HAVE_GETCWD 1
#define HAVE_GETEGID 1
#define HAVE_GETEUID 1
#define HAVE_GETGID 1
#define HAVE_GETUID 1
#define HAVE_MUNMAP 1
#define HAVE_PUTENV 1
#define HAVE_SETENV 1
#define HAVE_SETLOCALE 1
#define HAVE_STPCPY 1
#define HAVE_STRCHR 1
#define HAVE_STRCASECMP 1
#define HAVE_STRDUP 1
#define HAVE_STRTOUL 1
#define HAVE_TSEARCH 1
#define HAVE_ICONV 1
#define ICONV_CONST 
#define HAVE_LANGINFO_CODESET 1
#define HAVE_LC_MESSAGES 1
#define HAVE_DLG_TRACE 1
#define HAVE_NCURSES_H 1
#define HAVE_TERM_H 1
#define NCURSES 1
#define WIDEC_CURSES 1
#define NEED_WCHAR_H 1
#define HAVE_MBSTATE_T 1
#define HAVE_RC_FILE 1
#define HAVE_XDIALOG 1
#define HAVE_XDIALOG2 1
#define HAVE_WHIPTAIL 1
#define HAVE_DLG_FORMBOX 1
#define HAVE_DLG_GAUGE 1
#define HAVE_DLG_TAILBOX 1
#define HAVE_DLG_MIXEDFORM 1
#define HAVE_MIXEDGAUGE 1
#define USE_WIDE_CURSES 1
#define STDC_HEADERS 1
#define TIME_WITH_SYS_TIME 1
#define HAVE_DIRENT_H 1
#define HAVE_SEARCH_H 1
#define HAVE_STDINT_H 1
#define HAVE_UNISTD_H 1
#define HAVE_TERM_H 1
#define RETSIGTYPE void
#define HAVE__NC_FREE_AND_EXIT 1
#define HAVE_BTOWC 1
#define HAVE_MBLEN 1
#define HAVE_MBRLEN 1
#define HAVE_MBRTOWC 1
#define HAVE_MBTOWC 1
#define HAVE_STRCASECMP 1
#define HAVE_STRFTIME 1
#define HAVE_TSEARCH 1
#define HAVE_WAITPID 1
#define HAVE_WCSRTOMBS 1
#define HAVE_WCSTOMBS 1
#define HAVE_WCTOB 1
#define HAVE_WCTOMB 1
#define HAVE_MKTIME 1
#define HAVE_UNCTRL_H 1
#define HAVE_FLUSHINP 1
#define HAVE_GETATTRS 1
#define HAVE_GETBEGX 1
#define HAVE_GETBEGY 1
#define HAVE_GETBEGYX 1
#define HAVE_GETCURX 1
#define HAVE_GETCURY 1
#define HAVE_GETMAXX 1
#define HAVE_GETMAXY 1
#define HAVE_GETMAXYX 1
#define HAVE_GETPARX 1
#define HAVE_GETPARY 1
#define HAVE_GETPARYX 1
#define HAVE_USE_DEFAULT_COLORS 1
#define HAVE_WCHGAT 1
#define HAVE_WCURSYNCUP 1
#define HAVE_WGET_WCH 1
#define HAVE_WSYNCUP 1
#define HAVE_COLOR 1
#define HAVE_TYPE_CHTYPE 1
#define TYPE_CHTYPE_IS_SCALAR 1
#define CURSES_WACS_ARRAY _nc_wacs
#define CURSES_WACS_SYMBOLS 1
#define HAVE_WGETPARENT 1
#define HAVE_SYS_WAIT_H 1
#define NEED_WCHAR_H 1
#define HAVE_MBSTATE_T 1
#define HAVE_SETLOCALE 1


configure: exit 0
